c:\users\swaroop.ba\source\repos\assignment\3.0 actual\debug\vc141.pdb
c:\users\swaroop.ba\source\repos\assignment\3.0 actual\debug\vc141.idb
c:\users\swaroop.ba\source\repos\assignment\3.0 actual\debug\baking_machine.nativecodeanalysis.xml
c:\users\swaroop.ba\source\repos\assignment\3.0 actual\debug\biscuit.nativecodeanalysis.xml
c:\users\swaroop.ba\source\repos\assignment\3.0 actual\debug\bread.nativecodeanalysis.xml
c:\users\swaroop.ba\source\repos\assignment\3.0 actual\debug\cake.nativecodeanalysis.xml
c:\users\swaroop.ba\source\repos\assignment\3.0 actual\debug\ingredients.nativecodeanalysis.xml
c:\users\swaroop.ba\source\repos\assignment\3.0 actual\debug\items.nativecodeanalysis.xml
c:\users\swaroop.ba\source\repos\assignment\3.0 actual\debug\main.nativecodeanalysis.xml
c:\users\swaroop.ba\source\repos\assignment\3.0 actual\debug\orderitems.nativecodeanalysis.xml
c:\users\swaroop.ba\source\repos\assignment\3.0 actual\debug\pizza.nativecodeanalysis.xml
c:\users\swaroop.ba\source\repos\assignment\3.0 actual\debug\shapes.nativecodeanalysis.xml
c:\users\swaroop.ba\source\repos\assignment\3.0 actual\debug\shapes.obj
c:\users\swaroop.ba\source\repos\assignment\3.0 actual\debug\pizza.obj
c:\users\swaroop.ba\source\repos\assignment\3.0 actual\debug\orderitems.obj
c:\users\swaroop.ba\source\repos\assignment\3.0 actual\debug\main.obj
c:\users\swaroop.ba\source\repos\assignment\3.0 actual\debug\items.obj
c:\users\swaroop.ba\source\repos\assignment\3.0 actual\debug\ingredients.obj
c:\users\swaroop.ba\source\repos\assignment\3.0 actual\debug\cake.obj
c:\users\swaroop.ba\source\repos\assignment\3.0 actual\debug\bread.obj
c:\users\swaroop.ba\source\repos\assignment\3.0 actual\debug\biscuit.obj
c:\users\swaroop.ba\source\repos\assignment\3.0 actual\debug\baking_machine.obj
c:\users\swaroop.ba\source\repos\assignment\debug\3.0 actual.ilk
c:\users\swaroop.ba\source\repos\assignment\debug\3.0 actual.exe
c:\users\swaroop.ba\source\repos\assignment\debug\3.0 actual.pdb
c:\users\swaroop.ba\source\repos\assignment\3.0 actual\debug\nativecodeanalysis.read.1.tlog
c:\users\swaroop.ba\source\repos\assignment\3.0 actual\debug\vc.nativecodeanalysis.all.xml
c:\users\swaroop.ba\source\repos\assignment\debug\3.0 actual.exe.lastcodeanalysissucceeded
c:\users\swaroop.ba\source\repos\assignment\3.0 actual\debug\3.0 actual.tlog\cl.command.1.tlog
c:\users\swaroop.ba\source\repos\assignment\3.0 actual\debug\3.0 actual.tlog\cl.read.1.tlog
c:\users\swaroop.ba\source\repos\assignment\3.0 actual\debug\3.0 actual.tlog\cl.write.1.tlog
c:\users\swaroop.ba\source\repos\assignment\3.0 actual\debug\3.0 actual.tlog\link.command.1.tlog
c:\users\swaroop.ba\source\repos\assignment\3.0 actual\debug\3.0 actual.tlog\link.read.1.tlog
c:\users\swaroop.ba\source\repos\assignment\3.0 actual\debug\3.0 actual.tlog\link.write.1.tlog
